# JRE version: Java(TM) SE Runtime Environment 18.9 (11.0.17+10) (build 11.0.17+10-LTS-269)
# Java VM: Java HotSpot(TM) 64-Bit Server VM 18.9 (11.0.17+10-LTS-269, mixed mode, tiered, compressed oops, g1 gc, windows-amd64)
Heap:
 garbage-first heap   total 155648K, used 71039K [0x0000000083200000, 0x0000000100000000)
  region size 1024K, 62 young (63488K), 7 survivors (7168K)
 Metaspace       used 41348K, capacity 42589K, committed 42800K, reserved 1087488K
  class space    used 5064K, capacity 5589K, committed 5680K, reserved 1048576K
GC Heap History (10 events):
Event: 0.684 GC heap before
{Heap before GC invocations=1 (full 0):
 garbage-first heap   total 129024K, used 30310K [0x0000000083200000, 0x0000000100000000)
  region size 1024K, 25 young (25600K), 3 survivors (3072K)
 Metaspace       used 15411K, capacity 15942K, committed 16256K, reserved 1062912K
  class space    used 1632K, capacity 1834K, committed 1920K, reserved 1048576K
}
Event: 0.687 GC heap after
{Heap after GC invocations=2 (full 0):
 garbage-first heap   total 129024K, used 8755K [0x0000000083200000, 0x0000000100000000)
  region size 1024K, 1 young (1024K), 1 survivors (1024K)
 Metaspace       used 15411K, capacity 15942K, committed 16256K, reserved 1062912K
  class space    used 1632K, capacity 1834K, committed 1920K, reserved 1048576K
}
Event: 1.028 GC heap before
{Heap before GC invocations=2 (full 0):
 garbage-first heap   total 129024K, used 44595K [0x0000000083200000, 0x0000000100000000)
  region size 1024K, 37 young (37888K), 1 survivors (1024K)
 Metaspace       used 20514K, capacity 21221K, committed 21296K, reserved 1069056K
  class space    used 2303K, capacity 2586K, committed 2608K, reserved 1048576K
}
Event: 1.033 GC heap after
{Heap after GC invocations=3 (full 0):
 garbage-first heap   total 129024K, used 10169K [0x0000000083200000, 0x0000000100000000)
  region size 1024K, 3 young (3072K), 3 survivors (3072K)
 Metaspace       used 20514K, capacity 21221K, committed 21296K, reserved 1069056K
  class space    used 2303K, capacity 2586K, committed 2608K, reserved 1048576K
}
Event: 1.415 GC heap before
{Heap before GC invocations=4 (full 0):
 garbage-first heap   total 129024K, used 61369K [0x0000000083200000, 0x0000000100000000)
  region size 1024K, 54 young (55296K), 3 survivors (3072K)
 Metaspace       used 27954K, capacity 28904K, committed 29104K, reserved 1075200K
  class space    used 3269K, capacity 3667K, committed 3760K, reserved 1048576K
}
Event: 1.421 GC heap after
{Heap after GC invocations=5 (full 0):
 garbage-first heap   total 129024K, used 11698K [0x0000000083200000, 0x0000000100000000)
  region size 1024K, 4 young (4096K), 4 survivors (4096K)
 Metaspace       used 27954K, capacity 28904K, committed 29104K, reserved 1075200K
  class space    used 3269K, capacity 3667K, committed 3760K, reserved 1048576K
}
Event: 2.077 GC heap before
{Heap before GC invocations=5 (full 0):
 garbage-first heap   total 129024K, used 84402K [0x0000000083200000, 0x0000000100000000)
  region size 1024K, 75 young (76800K), 4 survivors (4096K)
 Metaspace       used 30689K, capacity 31690K, committed 31920K, reserved 1077248K
  class space    used 3565K, capacity 3976K, committed 4016K, reserved 1048576K
}
Event: 2.086 GC heap after
{Heap after GC invocations=6 (full 0):
 garbage-first heap   total 155648K, used 14069K [0x0000000083200000, 0x0000000100000000)
  region size 1024K, 6 young (6144K), 6 survivors (6144K)
 Metaspace       used 30689K, capacity 31690K, committed 31920K, reserved 1077248K
  class space    used 3565K, capacity 3976K, committed 4016K, reserved 1048576K
}
Event: 2.540 GC heap before
{Heap before GC invocations=6 (full 0):
 garbage-first heap   total 155648K, used 56053K [0x0000000083200000, 0x0000000100000000)
  region size 1024K, 48 young (49152K), 6 survivors (6144K)
 Metaspace       used 34787K, capacity 35890K, committed 35920K, reserved 1081344K
  class space    used 4096K, capacity 4528K, committed 4528K, reserved 1048576K
}
Event: 2.547 GC heap after
{Heap after GC invocations=7 (full 0):
 garbage-first heap   total 155648K, used 15743K [0x0000000083200000, 0x0000000100000000)
  region size 1024K, 7 young (7168K), 7 survivors (7168K)
 Metaspace       used 34787K, capacity 35890K, committed 35920K, reserved 1081344K
  class space    used 4096K, capacity 4528K, committed 4528K, reserved 1048576K
}

